{"/Volumes/data/myProj/node/linked_list/linkedList.js": {"path":"/Volumes/data/myProj/node/linked_list/linkedList.js","statementMap":{"0":{"start":{"line":3,"column":4},"end":{"line":3,"column":21}},"1":{"start":{"line":4,"column":4},"end":{"line":4,"column":20}},"2":{"start":{"line":8,"column":20},"end":{"line":8,"column":55}},"3":{"start":{"line":9,"column":4},"end":{"line":9,"column":24}},"4":{"start":{"line":10,"column":4},"end":{"line":10,"column":18}},"5":{"start":{"line":14,"column":4},"end":{"line":14,"column":51}},"6":{"start":{"line":14,"column":39},"end":{"line":14,"column":51}},"7":{"start":{"line":16,"column":18},"end":{"line":16,"column":27}},"8":{"start":{"line":17,"column":4},"end":{"line":19,"column":5}},"9":{"start":{"line":17,"column":17},"end":{"line":17,"column":18}},"10":{"start":{"line":18,"column":6},"end":{"line":18,"column":29}},"11":{"start":{"line":21,"column":4},"end":{"line":21,"column":19}},"12":{"start":{"line":25,"column":17},"end":{"line":25,"column":19}},"13":{"start":{"line":26,"column":18},"end":{"line":26,"column":27}},"14":{"start":{"line":27,"column":4},"end":{"line":30,"column":5}},"15":{"start":{"line":28,"column":6},"end":{"line":28,"column":47}},"16":{"start":{"line":29,"column":6},"end":{"line":29,"column":29}},"17":{"start":{"line":31,"column":4},"end":{"line":31,"column":34}},"18":{"start":{"line":35,"column":4},"end":{"line":35,"column":53}},"19":{"start":{"line":35,"column":21},"end":{"line":35,"column":53}},"20":{"start":{"line":37,"column":17},"end":{"line":37,"column":43}},"21":{"start":{"line":38,"column":4},"end":{"line":38,"column":34}},"22":{"start":{"line":38,"column":22},"end":{"line":38,"column":34}},"23":{"start":{"line":40,"column":4},"end":{"line":40,"column":53}},"24":{"start":{"line":41,"column":4},"end":{"line":41,"column":18}},"25":{"start":{"line":45,"column":4},"end":{"line":45,"column":31}},"26":{"start":{"line":46,"column":4},"end":{"line":46,"column":18}},"27":{"start":{"line":50,"column":4},"end":{"line":50,"column":46}},"28":{"start":{"line":50,"column":21},"end":{"line":50,"column":46}},"29":{"start":{"line":51,"column":17},"end":{"line":51,"column":43}},"30":{"start":{"line":53,"column":4},"end":{"line":53,"column":34}},"31":{"start":{"line":53,"column":22},"end":{"line":53,"column":34}},"32":{"start":{"line":54,"column":4},"end":{"line":54,"column":31}},"33":{"start":{"line":55,"column":4},"end":{"line":55,"column":18}},"34":{"start":{"line":61,"column":4},"end":{"line":61,"column":23}},"35":{"start":{"line":62,"column":4},"end":{"line":62,"column":21}},"36":{"start":{"line":66,"column":0},"end":{"line":73,"column":2}},"37":{"start":{"line":67,"column":13},"end":{"line":67,"column":29}},"38":{"start":{"line":68,"column":2},"end":{"line":70,"column":3}},"39":{"start":{"line":68,"column":15},"end":{"line":68,"column":32}},"40":{"start":{"line":69,"column":4},"end":{"line":69,"column":31}},"41":{"start":{"line":72,"column":2},"end":{"line":72,"column":12}},"42":{"start":{"line":75,"column":0},"end":{"line":75,"column":28}}},"fnMap":{"0":{"name":"(anonymous_0)","decl":{"start":{"line":2,"column":2},"end":{"line":2,"column":3}},"loc":{"start":{"line":2,"column":16},"end":{"line":5,"column":3}},"line":2},"1":{"name":"(anonymous_1)","decl":{"start":{"line":7,"column":2},"end":{"line":7,"column":3}},"loc":{"start":{"line":7,"column":21},"end":{"line":11,"column":3}},"line":7},"2":{"name":"(anonymous_2)","decl":{"start":{"line":13,"column":2},"end":{"line":13,"column":3}},"loc":{"start":{"line":13,"column":18},"end":{"line":22,"column":3}},"line":13},"3":{"name":"(anonymous_3)","decl":{"start":{"line":24,"column":2},"end":{"line":24,"column":3}},"loc":{"start":{"line":24,"column":10},"end":{"line":32,"column":3}},"line":24},"4":{"name":"(anonymous_4)","decl":{"start":{"line":34,"column":2},"end":{"line":34,"column":3}},"loc":{"start":{"line":34,"column":30},"end":{"line":42,"column":3}},"line":34},"5":{"name":"(anonymous_5)","decl":{"start":{"line":44,"column":2},"end":{"line":44,"column":3}},"loc":{"start":{"line":44,"column":15},"end":{"line":47,"column":3}},"line":44},"6":{"name":"(anonymous_6)","decl":{"start":{"line":49,"column":2},"end":{"line":49,"column":3}},"loc":{"start":{"line":49,"column":23},"end":{"line":56,"column":3}},"line":49},"7":{"name":"(anonymous_7)","decl":{"start":{"line":60,"column":2},"end":{"line":60,"column":3}},"loc":{"start":{"line":60,"column":27},"end":{"line":63,"column":3}},"line":60},"8":{"name":"(anonymous_8)","decl":{"start":{"line":66,"column":24},"end":{"line":66,"column":25}},"loc":{"start":{"line":66,"column":45},"end":{"line":73,"column":1}},"line":66}},"branchMap":{"0":{"loc":{"start":{"line":14,"column":4},"end":{"line":14,"column":51}},"type":"if","locations":[{"start":{"line":14,"column":4},"end":{"line":14,"column":51}},{"start":{"line":14,"column":4},"end":{"line":14,"column":51}}],"line":14},"1":{"loc":{"start":{"line":14,"column":8},"end":{"line":14,"column":37}},"type":"binary-expr","locations":[{"start":{"line":14,"column":8},"end":{"line":14,"column":15}},{"start":{"line":14,"column":19},"end":{"line":14,"column":37}}],"line":14},"2":{"loc":{"start":{"line":35,"column":4},"end":{"line":35,"column":53}},"type":"if","locations":[{"start":{"line":35,"column":4},"end":{"line":35,"column":53}},{"start":{"line":35,"column":4},"end":{"line":35,"column":53}}],"line":35},"3":{"loc":{"start":{"line":38,"column":4},"end":{"line":38,"column":34}},"type":"if","locations":[{"start":{"line":38,"column":4},"end":{"line":38,"column":34}},{"start":{"line":38,"column":4},"end":{"line":38,"column":34}}],"line":38},"4":{"loc":{"start":{"line":50,"column":4},"end":{"line":50,"column":46}},"type":"if","locations":[{"start":{"line":50,"column":4},"end":{"line":50,"column":46}},{"start":{"line":50,"column":4},"end":{"line":50,"column":46}}],"line":50},"5":{"loc":{"start":{"line":53,"column":4},"end":{"line":53,"column":34}},"type":"if","locations":[{"start":{"line":53,"column":4},"end":{"line":53,"column":34}},{"start":{"line":53,"column":4},"end":{"line":53,"column":34}}],"line":53}},"s":{"0":14,"1":14,"2":37,"3":37,"4":37,"5":12,"6":6,"7":6,"8":6,"9":6,"10":7,"11":6,"12":0,"13":0,"14":0,"15":0,"16":0,"17":0,"18":4,"19":1,"20":3,"21":3,"22":2,"23":1,"24":1,"25":2,"26":2,"27":4,"28":1,"29":3,"30":3,"31":2,"32":1,"33":1,"34":38,"35":38,"36":1,"37":13,"38":13,"39":13,"40":34,"41":13,"42":1},"f":{"0":14,"1":37,"2":12,"3":0,"4":4,"5":2,"6":4,"7":38,"8":13},"b":{"0":[6,6],"1":[12,9],"2":[1,3],"3":[2,1],"4":[1,3],"5":[2,1]},"_coverageSchema":"1a1c01bbd47fc00a2c39e90264f33305004495a9","hash":"dfc921d9fee716b42ff844d53085ee6d0efb346c"}
}
