TN:
SF:linkedList.js
FN:2,(anonymous_0)
FN:7,(anonymous_1)
FN:13,(anonymous_2)
FN:24,(anonymous_3)
FN:34,(anonymous_4)
FN:44,(anonymous_5)
FN:49,(anonymous_6)
FN:60,(anonymous_7)
FN:66,(anonymous_8)
FNF:9
FNH:8
FNDA:14,(anonymous_0)
FNDA:37,(anonymous_1)
FNDA:12,(anonymous_2)
FNDA:0,(anonymous_3)
FNDA:4,(anonymous_4)
FNDA:2,(anonymous_5)
FNDA:4,(anonymous_6)
FNDA:38,(anonymous_7)
FNDA:13,(anonymous_8)
DA:3,14
DA:4,14
DA:8,37
DA:9,37
DA:10,37
DA:14,12
DA:16,6
DA:17,6
DA:18,7
DA:21,6
DA:25,0
DA:26,0
DA:27,0
DA:28,0
DA:29,0
DA:31,0
DA:35,4
DA:37,3
DA:38,3
DA:40,1
DA:41,1
DA:45,2
DA:46,2
DA:50,4
DA:51,3
DA:53,3
DA:54,1
DA:55,1
DA:61,38
DA:62,38
DA:66,1
DA:67,13
DA:68,13
DA:69,34
DA:72,13
DA:75,1
LF:36
LH:30
BRDA:14,0,0,6
BRDA:14,0,1,6
BRDA:14,1,0,12
BRDA:14,1,1,9
BRDA:35,2,0,1
BRDA:35,2,1,3
BRDA:38,3,0,2
BRDA:38,3,1,1
BRDA:50,4,0,1
BRDA:50,4,1,3
BRDA:53,5,0,2
BRDA:53,5,1,1
BRF:12
BRH:12
end_of_record
